[14/Jan/2022 20:29:22] INFO [django.utils.autoreload:617] Watching for file changes with StatReloader
[14/Jan/2022 20:29:22] INFO [django.utils.autoreload:617] Watching for file changes with StatReloader
[14/Jan/2022 20:29:31] INFO [django.server:157] "GET /application/address HTTP/1.1" 200 8567
[14/Jan/2022 20:29:31] INFO [django.server:157] "GET /application/address HTTP/1.1" 200 8567
[14/Jan/2022 20:29:32] INFO [django.server:157] "GET /static/application/styles_app.css HTTP/1.1" 200 17555
[14/Jan/2022 20:29:32] INFO [django.server:157] "GET /static/application/styles_app.css HTTP/1.1" 200 17555
[14/Jan/2022 20:29:32] INFO [django.server:157] "GET /static/application/images/BackArrow-darkblue.svg HTTP/1.1" 200 801
[14/Jan/2022 20:29:32] INFO [django.server:157] "GET /static/application/images/BackArrow-darkblue.svg HTTP/1.1" 200 801
[14/Jan/2022 20:29:32] INFO [django.server:157] "GET /static/application/images/BackArrow-white.svg HTTP/1.1" 200 798
[14/Jan/2022 20:29:32] INFO [django.server:157] "GET /static/application/images/BackArrow-white.svg HTTP/1.1" 200 798
[14/Jan/2022 20:29:32] WARNING [django.request:224] Not Found: /favicon.ico
[14/Jan/2022 20:29:32] WARNING [django.request:224] Not Found: /favicon.ico
[14/Jan/2022 20:29:32] WARNING [django.server:157] "GET /favicon.ico HTTP/1.1" 404 2878
[14/Jan/2022 20:29:32] WARNING [django.server:157] "GET /favicon.ico HTTP/1.1" 404 2878
[14/Jan/2022 20:30:02] ERROR [django.request:224] Internal Server Error: /application/address
Traceback (most recent call last):
  File "C:\Users\JAndr\AppData\Local\Packages\PythonSoftwareFoundation.Python.3.9_qbz5n2kfra8p0\LocalCache\local-packages\Python39\site-packages\django\template\base.py", line 470, in parse
    compile_func = self.tags[command]
KeyError: 'endfor'

During handling of the above exception, another exception occurred:

Traceback (most recent call last):
  File "C:\Users\JAndr\AppData\Local\Packages\PythonSoftwareFoundation.Python.3.9_qbz5n2kfra8p0\LocalCache\local-packages\Python39\site-packages\django\core\handlers\exception.py", line 47, in inner
    response = get_response(request)
  File "C:\Users\JAndr\AppData\Local\Packages\PythonSoftwareFoundation.Python.3.9_qbz5n2kfra8p0\LocalCache\local-packages\Python39\site-packages\django\core\handlers\base.py", line 181, in _get_response
    response = wrapped_callback(request, *callback_args, **callback_kwargs)
  File "C:\Users\JAndr\OneDrive\Projects\GetYourConnexion\DigitalEquity_MobileVers\mobileVers\application\views.py", line 301, in address
    return render(request, 'application/address.html', {
  File "C:\Users\JAndr\AppData\Local\Packages\PythonSoftwareFoundation.Python.3.9_qbz5n2kfra8p0\LocalCache\local-packages\Python39\site-packages\django\shortcuts.py", line 19, in render
    content = loader.render_to_string(template_name, context, request, using=using)
  File "C:\Users\JAndr\AppData\Local\Packages\PythonSoftwareFoundation.Python.3.9_qbz5n2kfra8p0\LocalCache\local-packages\Python39\site-packages\django\template\loader.py", line 61, in render_to_string
    template = get_template(template_name, using=using)
  File "C:\Users\JAndr\AppData\Local\Packages\PythonSoftwareFoundation.Python.3.9_qbz5n2kfra8p0\LocalCache\local-packages\Python39\site-packages\django\template\loader.py", line 15, in get_template
    return engine.get_template(template_name)
  File "C:\Users\JAndr\AppData\Local\Packages\PythonSoftwareFoundation.Python.3.9_qbz5n2kfra8p0\LocalCache\local-packages\Python39\site-packages\django\template\backends\django.py", line 34, in get_template
    return Template(self.engine.get_template(template_name), self)
  File "C:\Users\JAndr\AppData\Local\Packages\PythonSoftwareFoundation.Python.3.9_qbz5n2kfra8p0\LocalCache\local-packages\Python39\site-packages\django\template\engine.py", line 143, in get_template
    template, origin = self.find_template(template_name)
  File "C:\Users\JAndr\AppData\Local\Packages\PythonSoftwareFoundation.Python.3.9_qbz5n2kfra8p0\LocalCache\local-packages\Python39\site-packages\django\template\engine.py", line 125, in find_template
    template = loader.get_template(name, skip=skip)
  File "C:\Users\JAndr\AppData\Local\Packages\PythonSoftwareFoundation.Python.3.9_qbz5n2kfra8p0\LocalCache\local-packages\Python39\site-packages\django\template\loaders\base.py", line 29, in get_template
    return Template(
  File "C:\Users\JAndr\AppData\Local\Packages\PythonSoftwareFoundation.Python.3.9_qbz5n2kfra8p0\LocalCache\local-packages\Python39\site-packages\django\template\base.py", line 155, in __init__
    self.nodelist = self.compile_nodelist()
  File "C:\Users\JAndr\AppData\Local\Packages\PythonSoftwareFoundation.Python.3.9_qbz5n2kfra8p0\LocalCache\local-packages\Python39\site-packages\django\template\base.py", line 193, in compile_nodelist
    return parser.parse()
  File "C:\Users\JAndr\AppData\Local\Packages\PythonSoftwareFoundation.Python.3.9_qbz5n2kfra8p0\LocalCache\local-packages\Python39\site-packages\django\template\base.py", line 478, in parse
    raise self.error(token, e)
  File "C:\Users\JAndr\AppData\Local\Packages\PythonSoftwareFoundation.Python.3.9_qbz5n2kfra8p0\LocalCache\local-packages\Python39\site-packages\django\template\base.py", line 476, in parse
    compiled_result = compile_func(self, token)
  File "C:\Users\JAndr\AppData\Local\Packages\PythonSoftwareFoundation.Python.3.9_qbz5n2kfra8p0\LocalCache\local-packages\Python39\site-packages\django\template\loader_tags.py", line 270, in do_extends
    nodelist = parser.parse()
  File "C:\Users\JAndr\AppData\Local\Packages\PythonSoftwareFoundation.Python.3.9_qbz5n2kfra8p0\LocalCache\local-packages\Python39\site-packages\django\template\base.py", line 478, in parse
    raise self.error(token, e)
  File "C:\Users\JAndr\AppData\Local\Packages\PythonSoftwareFoundation.Python.3.9_qbz5n2kfra8p0\LocalCache\local-packages\Python39\site-packages\django\template\base.py", line 476, in parse
    compiled_result = compile_func(self, token)
  File "C:\Users\JAndr\AppData\Local\Packages\PythonSoftwareFoundation.Python.3.9_qbz5n2kfra8p0\LocalCache\local-packages\Python39\site-packages\django\template\loader_tags.py", line 213, in do_block
    nodelist = parser.parse(('endblock',))
  File "C:\Users\JAndr\AppData\Local\Packages\PythonSoftwareFoundation.Python.3.9_qbz5n2kfra8p0\LocalCache\local-packages\Python39\site-packages\django\template\base.py", line 478, in parse
    raise self.error(token, e)
  File "C:\Users\JAndr\AppData\Local\Packages\PythonSoftwareFoundation.Python.3.9_qbz5n2kfra8p0\LocalCache\local-packages\Python39\site-packages\django\template\base.py", line 476, in parse
    compiled_result = compile_func(self, token)
  File "C:\Users\JAndr\AppData\Local\Packages\PythonSoftwareFoundation.Python.3.9_qbz5n2kfra8p0\LocalCache\local-packages\Python39\site-packages\django\template\defaulttags.py", line 814, in do_for
    nodelist_loop = parser.parse(('empty', 'endfor',))
  File "C:\Users\JAndr\AppData\Local\Packages\PythonSoftwareFoundation.Python.3.9_qbz5n2kfra8p0\LocalCache\local-packages\Python39\site-packages\django\template\base.py", line 478, in parse
    raise self.error(token, e)
  File "C:\Users\JAndr\AppData\Local\Packages\PythonSoftwareFoundation.Python.3.9_qbz5n2kfra8p0\LocalCache\local-packages\Python39\site-packages\django\template\base.py", line 476, in parse
    compiled_result = compile_func(self, token)
  File "C:\Users\JAndr\AppData\Local\Packages\PythonSoftwareFoundation.Python.3.9_qbz5n2kfra8p0\LocalCache\local-packages\Python39\site-packages\django\template\defaulttags.py", line 965, in do_if
    nodelist = parser.parse(('elif', 'else', 'endif'))
  File "C:\Users\JAndr\AppData\Local\Packages\PythonSoftwareFoundation.Python.3.9_qbz5n2kfra8p0\LocalCache\local-packages\Python39\site-packages\django\template\base.py", line 472, in parse
    self.invalid_block_tag(token, command, parse_until)
  File "C:\Users\JAndr\AppData\Local\Packages\PythonSoftwareFoundation.Python.3.9_qbz5n2kfra8p0\LocalCache\local-packages\Python39\site-packages\django\template\base.py", line 522, in invalid_block_tag
    raise self.error(
django.template.exceptions.TemplateSyntaxError: Invalid block tag on line 77: 'endfor', expected 'elif', 'else' or 'endif'. Did you forget to register or load this tag?
[14/Jan/2022 20:30:02] ERROR [django.request:224] Internal Server Error: /application/address
Traceback (most recent call last):
  File "C:\Users\JAndr\AppData\Local\Packages\PythonSoftwareFoundation.Python.3.9_qbz5n2kfra8p0\LocalCache\local-packages\Python39\site-packages\django\template\base.py", line 470, in parse
    compile_func = self.tags[command]
KeyError: 'endfor'

During handling of the above exception, another exception occurred:

Traceback (most recent call last):
  File "C:\Users\JAndr\AppData\Local\Packages\PythonSoftwareFoundation.Python.3.9_qbz5n2kfra8p0\LocalCache\local-packages\Python39\site-packages\django\core\handlers\exception.py", line 47, in inner
    response = get_response(request)
  File "C:\Users\JAndr\AppData\Local\Packages\PythonSoftwareFoundation.Python.3.9_qbz5n2kfra8p0\LocalCache\local-packages\Python39\site-packages\django\core\handlers\base.py", line 181, in _get_response
    response = wrapped_callback(request, *callback_args, **callback_kwargs)
  File "C:\Users\JAndr\OneDrive\Projects\GetYourConnexion\DigitalEquity_MobileVers\mobileVers\application\views.py", line 301, in address
    return render(request, 'application/address.html', {
  File "C:\Users\JAndr\AppData\Local\Packages\PythonSoftwareFoundation.Python.3.9_qbz5n2kfra8p0\LocalCache\local-packages\Python39\site-packages\django\shortcuts.py", line 19, in render
    content = loader.render_to_string(template_name, context, request, using=using)
  File "C:\Users\JAndr\AppData\Local\Packages\PythonSoftwareFoundation.Python.3.9_qbz5n2kfra8p0\LocalCache\local-packages\Python39\site-packages\django\template\loader.py", line 61, in render_to_string
    template = get_template(template_name, using=using)
  File "C:\Users\JAndr\AppData\Local\Packages\PythonSoftwareFoundation.Python.3.9_qbz5n2kfra8p0\LocalCache\local-packages\Python39\site-packages\django\template\loader.py", line 15, in get_template
    return engine.get_template(template_name)
  File "C:\Users\JAndr\AppData\Local\Packages\PythonSoftwareFoundation.Python.3.9_qbz5n2kfra8p0\LocalCache\local-packages\Python39\site-packages\django\template\backends\django.py", line 34, in get_template
    return Template(self.engine.get_template(template_name), self)
  File "C:\Users\JAndr\AppData\Local\Packages\PythonSoftwareFoundation.Python.3.9_qbz5n2kfra8p0\LocalCache\local-packages\Python39\site-packages\django\template\engine.py", line 143, in get_template
    template, origin = self.find_template(template_name)
  File "C:\Users\JAndr\AppData\Local\Packages\PythonSoftwareFoundation.Python.3.9_qbz5n2kfra8p0\LocalCache\local-packages\Python39\site-packages\django\template\engine.py", line 125, in find_template
    template = loader.get_template(name, skip=skip)
  File "C:\Users\JAndr\AppData\Local\Packages\PythonSoftwareFoundation.Python.3.9_qbz5n2kfra8p0\LocalCache\local-packages\Python39\site-packages\django\template\loaders\base.py", line 29, in get_template
    return Template(
  File "C:\Users\JAndr\AppData\Local\Packages\PythonSoftwareFoundation.Python.3.9_qbz5n2kfra8p0\LocalCache\local-packages\Python39\site-packages\django\template\base.py", line 155, in __init__
    self.nodelist = self.compile_nodelist()
  File "C:\Users\JAndr\AppData\Local\Packages\PythonSoftwareFoundation.Python.3.9_qbz5n2kfra8p0\LocalCache\local-packages\Python39\site-packages\django\template\base.py", line 193, in compile_nodelist
    return parser.parse()
  File "C:\Users\JAndr\AppData\Local\Packages\PythonSoftwareFoundation.Python.3.9_qbz5n2kfra8p0\LocalCache\local-packages\Python39\site-packages\django\template\base.py", line 478, in parse
    raise self.error(token, e)
  File "C:\Users\JAndr\AppData\Local\Packages\PythonSoftwareFoundation.Python.3.9_qbz5n2kfra8p0\LocalCache\local-packages\Python39\site-packages\django\template\base.py", line 476, in parse
    compiled_result = compile_func(self, token)
  File "C:\Users\JAndr\AppData\Local\Packages\PythonSoftwareFoundation.Python.3.9_qbz5n2kfra8p0\LocalCache\local-packages\Python39\site-packages\django\template\loader_tags.py", line 270, in do_extends
    nodelist = parser.parse()
  File "C:\Users\JAndr\AppData\Local\Packages\PythonSoftwareFoundation.Python.3.9_qbz5n2kfra8p0\LocalCache\local-packages\Python39\site-packages\django\template\base.py", line 478, in parse
    raise self.error(token, e)
  File "C:\Users\JAndr\AppData\Local\Packages\PythonSoftwareFoundation.Python.3.9_qbz5n2kfra8p0\LocalCache\local-packages\Python39\site-packages\django\template\base.py", line 476, in parse
    compiled_result = compile_func(self, token)
  File "C:\Users\JAndr\AppData\Local\Packages\PythonSoftwareFoundation.Python.3.9_qbz5n2kfra8p0\LocalCache\local-packages\Python39\site-packages\django\template\loader_tags.py", line 213, in do_block
    nodelist = parser.parse(('endblock',))
  File "C:\Users\JAndr\AppData\Local\Packages\PythonSoftwareFoundation.Python.3.9_qbz5n2kfra8p0\LocalCache\local-packages\Python39\site-packages\django\template\base.py", line 478, in parse
    raise self.error(token, e)
  File "C:\Users\JAndr\AppData\Local\Packages\PythonSoftwareFoundation.Python.3.9_qbz5n2kfra8p0\LocalCache\local-packages\Python39\site-packages\django\template\base.py", line 476, in parse
    compiled_result = compile_func(self, token)
  File "C:\Users\JAndr\AppData\Local\Packages\PythonSoftwareFoundation.Python.3.9_qbz5n2kfra8p0\LocalCache\local-packages\Python39\site-packages\django\template\defaulttags.py", line 814, in do_for
    nodelist_loop = parser.parse(('empty', 'endfor',))
  File "C:\Users\JAndr\AppData\Local\Packages\PythonSoftwareFoundation.Python.3.9_qbz5n2kfra8p0\LocalCache\local-packages\Python39\site-packages\django\template\base.py", line 478, in parse
    raise self.error(token, e)
  File "C:\Users\JAndr\AppData\Local\Packages\PythonSoftwareFoundation.Python.3.9_qbz5n2kfra8p0\LocalCache\local-packages\Python39\site-packages\django\template\base.py", line 476, in parse
    compiled_result = compile_func(self, token)
  File "C:\Users\JAndr\AppData\Local\Packages\PythonSoftwareFoundation.Python.3.9_qbz5n2kfra8p0\LocalCache\local-packages\Python39\site-packages\django\template\defaulttags.py", line 965, in do_if
    nodelist = parser.parse(('elif', 'else', 'endif'))
  File "C:\Users\JAndr\AppData\Local\Packages\PythonSoftwareFoundation.Python.3.9_qbz5n2kfra8p0\LocalCache\local-packages\Python39\site-packages\django\template\base.py", line 472, in parse
    self.invalid_block_tag(token, command, parse_until)
  File "C:\Users\JAndr\AppData\Local\Packages\PythonSoftwareFoundation.Python.3.9_qbz5n2kfra8p0\LocalCache\local-packages\Python39\site-packages\django\template\base.py", line 522, in invalid_block_tag
    raise self.error(
django.template.exceptions.TemplateSyntaxError: Invalid block tag on line 77: 'endfor', expected 'elif', 'else' or 'endif'. Did you forget to register or load this tag?
[14/Jan/2022 20:30:02] ERROR [django.server:157] "GET /application/address HTTP/1.1" 500 210165
[14/Jan/2022 20:30:02] ERROR [django.server:157] "GET /application/address HTTP/1.1" 500 210165
[14/Jan/2022 20:30:03] WARNING [django.request:224] Not Found: /favicon.ico
[14/Jan/2022 20:30:03] WARNING [django.request:224] Not Found: /favicon.ico
[14/Jan/2022 20:30:03] WARNING [django.server:157] "GET /favicon.ico HTTP/1.1" 404 2878
[14/Jan/2022 20:30:03] WARNING [django.server:157] "GET /favicon.ico HTTP/1.1" 404 2878
[14/Jan/2022 20:30:08] INFO [django.server:157] "GET /application/address HTTP/1.1" 200 8567
[14/Jan/2022 20:30:08] INFO [django.server:157] "GET /application/address HTTP/1.1" 200 8567
[14/Jan/2022 20:30:08] INFO [django.server:157] "GET /static/application/styles_app.css HTTP/1.1" 200 17555
[14/Jan/2022 20:30:08] INFO [django.server:157] "GET /static/application/styles_app.css HTTP/1.1" 200 17555
[14/Jan/2022 20:30:08] INFO [django.server:157] "GET /static/application/images/BackArrow-white.svg HTTP/1.1" 200 798
[14/Jan/2022 20:30:08] INFO [django.server:157] "GET /static/application/images/BackArrow-white.svg HTTP/1.1" 200 798
[14/Jan/2022 20:30:08] INFO [django.server:157] "GET /static/application/images/BackArrow-darkblue.svg HTTP/1.1" 200 801
[14/Jan/2022 20:30:08] INFO [django.server:157] "GET /static/application/images/BackArrow-darkblue.svg HTTP/1.1" 200 801
[14/Jan/2022 20:30:08] WARNING [django.request:224] Not Found: /favicon.ico
[14/Jan/2022 20:30:08] WARNING [django.request:224] Not Found: /favicon.ico
[14/Jan/2022 20:30:08] WARNING [django.server:157] "GET /favicon.ico HTTP/1.1" 404 2878
[14/Jan/2022 20:30:08] WARNING [django.server:157] "GET /favicon.ico HTTP/1.1" 404 2878
[14/Jan/2022 20:30:29] INFO [django.server:157] "GET /application/address HTTP/1.1" 200 8565
[14/Jan/2022 20:30:29] INFO [django.server:157] "GET /application/address HTTP/1.1" 200 8565
[14/Jan/2022 20:30:29] INFO [django.server:157] "GET /static/application/styles_app.css HTTP/1.1" 200 17555
[14/Jan/2022 20:30:29] INFO [django.server:157] "GET /static/application/styles_app.css HTTP/1.1" 200 17555
[14/Jan/2022 20:30:29] INFO [django.server:157] "GET /static/application/images/BackArrow-white.svg HTTP/1.1" 200 798
[14/Jan/2022 20:30:29] INFO [django.server:157] "GET /static/application/images/BackArrow-white.svg HTTP/1.1" 200 798
[14/Jan/2022 20:30:29] INFO [django.server:157] "GET /static/application/images/BackArrow-darkblue.svg HTTP/1.1" 200 801
[14/Jan/2022 20:30:29] INFO [django.server:157] "GET /static/application/images/BackArrow-darkblue.svg HTTP/1.1" 200 801
[14/Jan/2022 20:30:29] WARNING [django.request:224] Not Found: /favicon.ico
[14/Jan/2022 20:30:29] WARNING [django.request:224] Not Found: /favicon.ico
[14/Jan/2022 20:30:29] WARNING [django.server:157] "GET /favicon.ico HTTP/1.1" 404 2878
[14/Jan/2022 20:30:29] WARNING [django.server:157] "GET /favicon.ico HTTP/1.1" 404 2878
[14/Jan/2022 20:31:13] INFO [django.server:157] "GET /application/address HTTP/1.1" 200 8235
[14/Jan/2022 20:31:13] INFO [django.server:157] "GET /application/address HTTP/1.1" 200 8235
[14/Jan/2022 20:31:13] INFO [django.server:157] "GET /static/application/styles_app.css HTTP/1.1" 200 17555
[14/Jan/2022 20:31:13] INFO [django.server:157] "GET /static/application/styles_app.css HTTP/1.1" 200 17555
[14/Jan/2022 20:31:14] INFO [django.server:157] "GET /static/application/images/BackArrow-white.svg HTTP/1.1" 200 798
[14/Jan/2022 20:31:14] INFO [django.server:157] "GET /static/application/images/BackArrow-white.svg HTTP/1.1" 200 798
[14/Jan/2022 20:31:14] INFO [django.server:157] "GET /static/application/images/BackArrow-darkblue.svg HTTP/1.1" 200 801
[14/Jan/2022 20:31:14] INFO [django.server:157] "GET /static/application/images/BackArrow-darkblue.svg HTTP/1.1" 200 801
[14/Jan/2022 20:31:14] WARNING [django.request:224] Not Found: /favicon.ico
[14/Jan/2022 20:31:14] WARNING [django.request:224] Not Found: /favicon.ico
[14/Jan/2022 20:31:14] WARNING [django.server:157] "GET /favicon.ico HTTP/1.1" 404 2878
[14/Jan/2022 20:31:14] WARNING [django.server:157] "GET /favicon.ico HTTP/1.1" 404 2878
[14/Jan/2022 20:31:39] WARNING [django.request:224] Not Found: /application/requestProvider.js.map
[14/Jan/2022 20:31:39] WARNING [django.request:224] Not Found: /application/requestProvider.js.map
[14/Jan/2022 20:31:39] WARNING [django.server:157] "GET /application/requestProvider.js.map HTTP/1.1" 404 7634
[14/Jan/2022 20:31:39] WARNING [django.server:157] "GET /application/requestProvider.js.map HTTP/1.1" 404 7634
[14/Jan/2022 20:32:34] INFO [django.server:157] "GET /application/address HTTP/1.1" 200 8243
[14/Jan/2022 20:32:34] INFO [django.server:157] "GET /application/address HTTP/1.1" 200 8243
[14/Jan/2022 20:32:34] INFO [django.server:157] "GET /static/application/styles_app.css HTTP/1.1" 200 17555
[14/Jan/2022 20:32:34] INFO [django.server:157] "GET /static/application/styles_app.css HTTP/1.1" 200 17555
[14/Jan/2022 20:32:35] INFO [django.server:157] "GET /static/application/images/BackArrow-white.svg HTTP/1.1" 200 798
[14/Jan/2022 20:32:35] INFO [django.server:157] "GET /static/application/images/BackArrow-white.svg HTTP/1.1" 200 798
[14/Jan/2022 20:32:35] INFO [django.server:157] "GET /static/application/images/BackArrow-darkblue.svg HTTP/1.1" 200 801
[14/Jan/2022 20:32:35] INFO [django.server:157] "GET /static/application/images/BackArrow-darkblue.svg HTTP/1.1" 200 801
[14/Jan/2022 20:32:35] WARNING [django.request:224] Not Found: /favicon.ico
[14/Jan/2022 20:32:35] WARNING [django.request:224] Not Found: /favicon.ico
[14/Jan/2022 20:32:35] WARNING [django.server:157] "GET /favicon.ico HTTP/1.1" 404 2878
[14/Jan/2022 20:32:35] WARNING [django.server:157] "GET /favicon.ico HTTP/1.1" 404 2878
[14/Jan/2022 20:32:46] INFO [django.server:157] "GET /application/address HTTP/1.1" 200 8243
[14/Jan/2022 20:32:46] INFO [django.server:157] "GET /application/address HTTP/1.1" 200 8243
[14/Jan/2022 20:32:46] INFO [django.server:157] "GET /static/application/styles_app.css HTTP/1.1" 200 17555
[14/Jan/2022 20:32:46] INFO [django.server:157] "GET /static/application/styles_app.css HTTP/1.1" 200 17555
[14/Jan/2022 20:32:47] INFO [django.server:157] "GET /static/application/images/BackArrow-white.svg HTTP/1.1" 200 798
[14/Jan/2022 20:32:47] INFO [django.server:157] "GET /static/application/images/BackArrow-white.svg HTTP/1.1" 200 798
[14/Jan/2022 20:32:47] INFO [django.server:157] "GET /static/application/images/BackArrow-darkblue.svg HTTP/1.1" 200 801
[14/Jan/2022 20:32:47] INFO [django.server:157] "GET /static/application/images/BackArrow-darkblue.svg HTTP/1.1" 200 801
[14/Jan/2022 20:32:47] WARNING [django.request:224] Not Found: /favicon.ico
[14/Jan/2022 20:32:47] WARNING [django.request:224] Not Found: /favicon.ico
[14/Jan/2022 20:32:47] WARNING [django.server:157] "GET /favicon.ico HTTP/1.1" 404 2878
[14/Jan/2022 20:32:47] WARNING [django.server:157] "GET /favicon.ico HTTP/1.1" 404 2878
[14/Jan/2022 20:33:19] INFO [django.server:157] "GET /application/address HTTP/1.1" 200 8241
[14/Jan/2022 20:33:19] INFO [django.server:157] "GET /application/address HTTP/1.1" 200 8241
[14/Jan/2022 20:33:19] INFO [django.server:157] "GET /static/application/styles_app.css HTTP/1.1" 200 17555
[14/Jan/2022 20:33:19] INFO [django.server:157] "GET /static/application/styles_app.css HTTP/1.1" 200 17555
[14/Jan/2022 20:33:19] INFO [django.server:157] "GET /static/application/images/BackArrow-darkblue.svg HTTP/1.1" 200 801
[14/Jan/2022 20:33:19] INFO [django.server:157] "GET /static/application/images/BackArrow-darkblue.svg HTTP/1.1" 200 801
[14/Jan/2022 20:33:19] INFO [django.server:157] "GET /static/application/images/BackArrow-white.svg HTTP/1.1" 200 798
[14/Jan/2022 20:33:19] INFO [django.server:157] "GET /static/application/images/BackArrow-white.svg HTTP/1.1" 200 798
[14/Jan/2022 20:33:19] WARNING [django.request:224] Not Found: /favicon.ico
[14/Jan/2022 20:33:19] WARNING [django.request:224] Not Found: /favicon.ico
[14/Jan/2022 20:33:19] WARNING [django.server:157] "GET /favicon.ico HTTP/1.1" 404 2878
[14/Jan/2022 20:33:19] WARNING [django.server:157] "GET /favicon.ico HTTP/1.1" 404 2878
[14/Jan/2022 20:33:35] INFO [django.server:157] "GET /application/address HTTP/1.1" 200 8241
[14/Jan/2022 20:33:35] INFO [django.server:157] "GET /application/address HTTP/1.1" 200 8241
[14/Jan/2022 20:33:35] INFO [django.server:157] "GET /static/application/styles_app.css HTTP/1.1" 200 17555
[14/Jan/2022 20:33:35] INFO [django.server:157] "GET /static/application/styles_app.css HTTP/1.1" 200 17555
[14/Jan/2022 20:33:36] INFO [django.server:157] "GET /static/application/images/BackArrow-darkblue.svg HTTP/1.1" 200 801
[14/Jan/2022 20:33:36] INFO [django.server:157] "GET /static/application/images/BackArrow-darkblue.svg HTTP/1.1" 200 801
[14/Jan/2022 20:33:36] INFO [django.server:157] "GET /static/application/images/BackArrow-white.svg HTTP/1.1" 200 798
[14/Jan/2022 20:33:36] INFO [django.server:157] "GET /static/application/images/BackArrow-white.svg HTTP/1.1" 200 798
[14/Jan/2022 20:33:36] WARNING [django.request:224] Not Found: /favicon.ico
[14/Jan/2022 20:33:36] WARNING [django.request:224] Not Found: /favicon.ico
[14/Jan/2022 20:33:36] WARNING [django.server:157] "GET /favicon.ico HTTP/1.1" 404 2878
[14/Jan/2022 20:33:36] WARNING [django.server:157] "GET /favicon.ico HTTP/1.1" 404 2878
[14/Jan/2022 20:34:01] INFO [django.server:157] "GET /application/address HTTP/1.1" 200 8238
[14/Jan/2022 20:34:01] INFO [django.server:157] "GET /application/address HTTP/1.1" 200 8238
[14/Jan/2022 20:34:01] INFO [django.server:157] "GET /static/application/styles_app.css HTTP/1.1" 200 17555
[14/Jan/2022 20:34:01] INFO [django.server:157] "GET /static/application/styles_app.css HTTP/1.1" 200 17555
[14/Jan/2022 20:34:01] INFO [django.server:157] "GET /static/application/images/BackArrow-darkblue.svg HTTP/1.1" 200 801
[14/Jan/2022 20:34:01] INFO [django.server:157] "GET /static/application/images/BackArrow-darkblue.svg HTTP/1.1" 200 801
[14/Jan/2022 20:34:01] INFO [django.server:157] "GET /static/application/images/BackArrow-white.svg HTTP/1.1" 200 798
[14/Jan/2022 20:34:01] INFO [django.server:157] "GET /static/application/images/BackArrow-white.svg HTTP/1.1" 200 798
[14/Jan/2022 20:34:01] WARNING [django.request:224] Not Found: /favicon.ico
[14/Jan/2022 20:34:01] WARNING [django.request:224] Not Found: /favicon.ico
[14/Jan/2022 20:34:01] WARNING [django.server:157] "GET /favicon.ico HTTP/1.1" 404 2878
[14/Jan/2022 20:34:01] WARNING [django.server:157] "GET /favicon.ico HTTP/1.1" 404 2878
[14/Jan/2022 20:35:19] INFO [django.server:157] "GET /application/address HTTP/1.1" 200 8240
[14/Jan/2022 20:35:19] INFO [django.server:157] "GET /application/address HTTP/1.1" 200 8240
[14/Jan/2022 20:35:19] INFO [django.server:157] "GET /static/application/styles_app.css HTTP/1.1" 200 17555
[14/Jan/2022 20:35:19] INFO [django.server:157] "GET /static/application/styles_app.css HTTP/1.1" 200 17555
[14/Jan/2022 20:35:19] INFO [django.server:157] "GET /static/application/images/BackArrow-white.svg HTTP/1.1" 200 798
[14/Jan/2022 20:35:19] INFO [django.server:157] "GET /static/application/images/BackArrow-white.svg HTTP/1.1" 200 798
[14/Jan/2022 20:35:19] INFO [django.server:157] "GET /static/application/images/BackArrow-darkblue.svg HTTP/1.1" 200 801
[14/Jan/2022 20:35:19] INFO [django.server:157] "GET /static/application/images/BackArrow-darkblue.svg HTTP/1.1" 200 801
[14/Jan/2022 20:35:20] WARNING [django.request:224] Not Found: /favicon.ico
[14/Jan/2022 20:35:20] WARNING [django.request:224] Not Found: /favicon.ico
[14/Jan/2022 20:35:20] WARNING [django.server:157] "GET /favicon.ico HTTP/1.1" 404 2878
[14/Jan/2022 20:35:20] WARNING [django.server:157] "GET /favicon.ico HTTP/1.1" 404 2878
[14/Jan/2022 20:35:27] WARNING [django.request:224] Not Found: /application/requestProvider.js.map
[14/Jan/2022 20:35:27] WARNING [django.request:224] Not Found: /application/requestProvider.js.map
[14/Jan/2022 20:35:27] WARNING [django.server:157] "GET /application/requestProvider.js.map HTTP/1.1" 404 7634
[14/Jan/2022 20:35:27] WARNING [django.server:157] "GET /application/requestProvider.js.map HTTP/1.1" 404 7634
[14/Jan/2022 20:35:43] INFO [django.server:157] "GET /application/address HTTP/1.1" 200 5302
[14/Jan/2022 20:35:43] INFO [django.server:157] "GET /application/address HTTP/1.1" 200 5302
[14/Jan/2022 20:35:43] INFO [django.server:157] "GET /static/application/styles_app.css HTTP/1.1" 200 17555
[14/Jan/2022 20:35:43] INFO [django.server:157] "GET /static/application/styles_app.css HTTP/1.1" 200 17555
[14/Jan/2022 20:35:43] WARNING [django.request:224] Not Found: /application/requestProvider.js.map
[14/Jan/2022 20:35:43] WARNING [django.request:224] Not Found: /application/requestProvider.js.map
[14/Jan/2022 20:35:43] WARNING [django.server:157] "GET /application/requestProvider.js.map HTTP/1.1" 404 7634
[14/Jan/2022 20:35:43] WARNING [django.server:157] "GET /application/requestProvider.js.map HTTP/1.1" 404 7634
[14/Jan/2022 20:35:43] INFO [django.server:157] "GET /static/application/images/BackArrow-darkblue.svg HTTP/1.1" 200 801
[14/Jan/2022 20:35:43] INFO [django.server:157] "GET /static/application/images/BackArrow-darkblue.svg HTTP/1.1" 200 801
[14/Jan/2022 20:35:43] INFO [django.server:157] "GET /static/application/images/BackArrow-white.svg HTTP/1.1" 200 798
[14/Jan/2022 20:35:43] INFO [django.server:157] "GET /static/application/images/BackArrow-white.svg HTTP/1.1" 200 798
[14/Jan/2022 20:35:43] WARNING [django.request:224] Not Found: /favicon.ico
[14/Jan/2022 20:35:43] WARNING [django.request:224] Not Found: /favicon.ico
[14/Jan/2022 20:35:43] WARNING [django.server:157] "GET /favicon.ico HTTP/1.1" 404 2878
[14/Jan/2022 20:35:43] WARNING [django.server:157] "GET /favicon.ico HTTP/1.1" 404 2878
[14/Jan/2022 20:36:05] INFO [django.server:157] "GET /application/address HTTP/1.1" 200 8240
[14/Jan/2022 20:36:05] INFO [django.server:157] "GET /application/address HTTP/1.1" 200 8240
[14/Jan/2022 20:36:05] INFO [django.server:157] "GET /static/application/styles_app.css HTTP/1.1" 200 17555
[14/Jan/2022 20:36:05] INFO [django.server:157] "GET /static/application/styles_app.css HTTP/1.1" 200 17555
[14/Jan/2022 20:36:05] WARNING [django.request:224] Not Found: /application/requestProvider.js.map
[14/Jan/2022 20:36:05] WARNING [django.request:224] Not Found: /application/requestProvider.js.map
[14/Jan/2022 20:36:05] WARNING [django.server:157] "GET /application/requestProvider.js.map HTTP/1.1" 404 7634
[14/Jan/2022 20:36:05] WARNING [django.server:157] "GET /application/requestProvider.js.map HTTP/1.1" 404 7634
[14/Jan/2022 20:36:05] INFO [django.server:157] "GET /static/application/images/BackArrow-white.svg HTTP/1.1" 200 798
[14/Jan/2022 20:36:05] INFO [django.server:157] "GET /static/application/images/BackArrow-white.svg HTTP/1.1" 200 798
[14/Jan/2022 20:36:05] INFO [django.server:157] "GET /static/application/images/BackArrow-darkblue.svg HTTP/1.1" 200 801
[14/Jan/2022 20:36:05] INFO [django.server:157] "GET /static/application/images/BackArrow-darkblue.svg HTTP/1.1" 200 801
[14/Jan/2022 20:36:05] WARNING [django.request:224] Not Found: /favicon.ico
[14/Jan/2022 20:36:05] WARNING [django.request:224] Not Found: /favicon.ico
[14/Jan/2022 20:36:05] WARNING [django.server:157] "GET /favicon.ico HTTP/1.1" 404 2878
[14/Jan/2022 20:36:05] WARNING [django.server:157] "GET /favicon.ico HTTP/1.1" 404 2878
[14/Jan/2022 20:36:32] INFO [django.server:157] "GET /application/address HTTP/1.1" 200 8234
[14/Jan/2022 20:36:32] INFO [django.server:157] "GET /application/address HTTP/1.1" 200 8234
[14/Jan/2022 20:36:32] INFO [django.server:157] "GET /static/application/styles_app.css HTTP/1.1" 200 17555
[14/Jan/2022 20:36:32] INFO [django.server:157] "GET /static/application/styles_app.css HTTP/1.1" 200 17555
[14/Jan/2022 20:36:32] WARNING [django.request:224] Not Found: /application/requestProvider.js.map
[14/Jan/2022 20:36:32] WARNING [django.request:224] Not Found: /application/requestProvider.js.map
[14/Jan/2022 20:36:32] WARNING [django.server:157] "GET /application/requestProvider.js.map HTTP/1.1" 404 7634
[14/Jan/2022 20:36:32] WARNING [django.server:157] "GET /application/requestProvider.js.map HTTP/1.1" 404 7634
[14/Jan/2022 20:36:32] INFO [django.server:157] "GET /static/application/images/BackArrow-darkblue.svg HTTP/1.1" 200 801
[14/Jan/2022 20:36:32] INFO [django.server:157] "GET /static/application/images/BackArrow-darkblue.svg HTTP/1.1" 200 801
[14/Jan/2022 20:36:32] INFO [django.server:157] "GET /static/application/images/BackArrow-white.svg HTTP/1.1" 200 798
[14/Jan/2022 20:36:32] INFO [django.server:157] "GET /static/application/images/BackArrow-white.svg HTTP/1.1" 200 798
[14/Jan/2022 20:36:32] WARNING [django.request:224] Not Found: /favicon.ico
[14/Jan/2022 20:36:32] WARNING [django.request:224] Not Found: /favicon.ico
[14/Jan/2022 20:36:32] WARNING [django.server:157] "GET /favicon.ico HTTP/1.1" 404 2878
[14/Jan/2022 20:36:32] WARNING [django.server:157] "GET /favicon.ico HTTP/1.1" 404 2878
[14/Jan/2022 20:37:07] INFO [django.server:157] "GET /application/address HTTP/1.1" 200 8227
[14/Jan/2022 20:37:07] INFO [django.server:157] "GET /application/address HTTP/1.1" 200 8227
[14/Jan/2022 20:37:07] INFO [django.server:157] "GET /static/application/styles_app.css HTTP/1.1" 200 17555
[14/Jan/2022 20:37:07] INFO [django.server:157] "GET /static/application/styles_app.css HTTP/1.1" 200 17555
[14/Jan/2022 20:37:08] WARNING [django.request:224] Not Found: /application/requestProvider.js.map
[14/Jan/2022 20:37:08] WARNING [django.request:224] Not Found: /application/requestProvider.js.map
[14/Jan/2022 20:37:08] WARNING [django.server:157] "GET /application/requestProvider.js.map HTTP/1.1" 404 7634
[14/Jan/2022 20:37:08] WARNING [django.server:157] "GET /application/requestProvider.js.map HTTP/1.1" 404 7634
[14/Jan/2022 20:37:08] INFO [django.server:157] "GET /static/application/images/BackArrow-white.svg HTTP/1.1" 200 798
[14/Jan/2022 20:37:08] INFO [django.server:157] "GET /static/application/images/BackArrow-white.svg HTTP/1.1" 200 798
[14/Jan/2022 20:37:08] INFO [django.server:157] "GET /static/application/images/BackArrow-darkblue.svg HTTP/1.1" 200 801
[14/Jan/2022 20:37:08] INFO [django.server:157] "GET /static/application/images/BackArrow-darkblue.svg HTTP/1.1" 200 801
[14/Jan/2022 20:37:08] WARNING [django.request:224] Not Found: /favicon.ico
[14/Jan/2022 20:37:08] WARNING [django.request:224] Not Found: /favicon.ico
[14/Jan/2022 20:37:08] WARNING [django.server:157] "GET /favicon.ico HTTP/1.1" 404 2878
[14/Jan/2022 20:37:08] WARNING [django.server:157] "GET /favicon.ico HTTP/1.1" 404 2878
[14/Jan/2022 20:37:21] INFO [django.server:157] "GET /application/address HTTP/1.1" 200 8227
[14/Jan/2022 20:37:21] INFO [django.server:157] "GET /application/address HTTP/1.1" 200 8227
[14/Jan/2022 20:37:22] INFO [django.server:157] "GET /static/application/styles_app.css HTTP/1.1" 200 17555
[14/Jan/2022 20:37:22] INFO [django.server:157] "GET /static/application/styles_app.css HTTP/1.1" 200 17555
[14/Jan/2022 20:37:22] WARNING [django.request:224] Not Found: /application/requestProvider.js.map
[14/Jan/2022 20:37:22] WARNING [django.request:224] Not Found: /application/requestProvider.js.map
[14/Jan/2022 20:37:22] WARNING [django.server:157] "GET /application/requestProvider.js.map HTTP/1.1" 404 7634
[14/Jan/2022 20:37:22] WARNING [django.server:157] "GET /application/requestProvider.js.map HTTP/1.1" 404 7634
[14/Jan/2022 20:37:22] INFO [django.server:157] "GET /static/application/images/BackArrow-darkblue.svg HTTP/1.1" 200 801
[14/Jan/2022 20:37:22] INFO [django.server:157] "GET /static/application/images/BackArrow-darkblue.svg HTTP/1.1" 200 801
[14/Jan/2022 20:37:22] INFO [django.server:157] "GET /static/application/images/BackArrow-white.svg HTTP/1.1" 200 798
[14/Jan/2022 20:37:22] INFO [django.server:157] "GET /static/application/images/BackArrow-white.svg HTTP/1.1" 200 798
[14/Jan/2022 20:37:22] WARNING [django.request:224] Not Found: /favicon.ico
[14/Jan/2022 20:37:22] WARNING [django.request:224] Not Found: /favicon.ico
[14/Jan/2022 20:37:22] WARNING [django.server:157] "GET /favicon.ico HTTP/1.1" 404 2878
[14/Jan/2022 20:37:22] WARNING [django.server:157] "GET /favicon.ico HTTP/1.1" 404 2878
[14/Jan/2022 20:37:44] INFO [django.server:157] "GET /application/address HTTP/1.1" 200 8289
[14/Jan/2022 20:37:44] INFO [django.server:157] "GET /application/address HTTP/1.1" 200 8289
[14/Jan/2022 20:37:44] INFO [django.server:157] "GET /static/application/styles_app.css HTTP/1.1" 200 17555
[14/Jan/2022 20:37:44] INFO [django.server:157] "GET /static/application/styles_app.css HTTP/1.1" 200 17555
[14/Jan/2022 20:37:44] WARNING [django.request:224] Not Found: /application/requestProvider.js.map
[14/Jan/2022 20:37:44] WARNING [django.request:224] Not Found: /application/requestProvider.js.map
[14/Jan/2022 20:37:44] WARNING [django.server:157] "GET /application/requestProvider.js.map HTTP/1.1" 404 7634
[14/Jan/2022 20:37:44] WARNING [django.server:157] "GET /application/requestProvider.js.map HTTP/1.1" 404 7634
[14/Jan/2022 20:37:44] INFO [django.server:157] "GET /static/application/images/BackArrow-darkblue.svg HTTP/1.1" 200 801
[14/Jan/2022 20:37:44] INFO [django.server:157] "GET /static/application/images/BackArrow-darkblue.svg HTTP/1.1" 200 801
[14/Jan/2022 20:37:44] INFO [django.server:157] "GET /static/application/images/BackArrow-white.svg HTTP/1.1" 200 798
[14/Jan/2022 20:37:44] INFO [django.server:157] "GET /static/application/images/BackArrow-white.svg HTTP/1.1" 200 798
[14/Jan/2022 20:37:44] WARNING [django.request:224] Not Found: /favicon.ico
[14/Jan/2022 20:37:44] WARNING [django.request:224] Not Found: /favicon.ico
[14/Jan/2022 20:37:44] WARNING [django.server:157] "GET /favicon.ico HTTP/1.1" 404 2878
[14/Jan/2022 20:37:44] WARNING [django.server:157] "GET /favicon.ico HTTP/1.1" 404 2878
[14/Jan/2022 20:38:48] INFO [django.server:157] "GET /application/address HTTP/1.1" 200 8208
[14/Jan/2022 20:38:48] INFO [django.server:157] "GET /application/address HTTP/1.1" 200 8208
[14/Jan/2022 20:38:48] INFO [django.server:157] "GET /static/application/styles_app.css HTTP/1.1" 200 17555
[14/Jan/2022 20:38:48] INFO [django.server:157] "GET /static/application/styles_app.css HTTP/1.1" 200 17555
[14/Jan/2022 20:38:48] WARNING [django.request:224] Not Found: /application/requestProvider.js.map
[14/Jan/2022 20:38:48] WARNING [django.request:224] Not Found: /application/requestProvider.js.map
[14/Jan/2022 20:38:48] WARNING [django.server:157] "GET /application/requestProvider.js.map HTTP/1.1" 404 7634
[14/Jan/2022 20:38:48] WARNING [django.server:157] "GET /application/requestProvider.js.map HTTP/1.1" 404 7634
[14/Jan/2022 20:38:48] INFO [django.server:157] "GET /static/application/images/BackArrow-darkblue.svg HTTP/1.1" 200 801
[14/Jan/2022 20:38:48] INFO [django.server:157] "GET /static/application/images/BackArrow-white.svg HTTP/1.1" 200 798
[14/Jan/2022 20:38:48] INFO [django.server:157] "GET /static/application/images/BackArrow-white.svg HTTP/1.1" 200 798
[14/Jan/2022 20:38:48] INFO [django.server:157] "GET /static/application/images/BackArrow-darkblue.svg HTTP/1.1" 200 801
[14/Jan/2022 20:38:49] WARNING [django.request:224] Not Found: /favicon.ico
[14/Jan/2022 20:38:49] WARNING [django.request:224] Not Found: /favicon.ico
[14/Jan/2022 20:38:49] WARNING [django.server:157] "GET /favicon.ico HTTP/1.1" 404 2878
[14/Jan/2022 20:38:49] WARNING [django.server:157] "GET /favicon.ico HTTP/1.1" 404 2878
[14/Jan/2022 20:39:12] INFO [django.server:157] "GET /application/address HTTP/1.1" 200 8328
[14/Jan/2022 20:39:12] INFO [django.server:157] "GET /application/address HTTP/1.1" 200 8328
[14/Jan/2022 20:39:12] INFO [django.server:157] "GET /static/application/styles_app.css HTTP/1.1" 200 17555
[14/Jan/2022 20:39:12] INFO [django.server:157] "GET /static/application/styles_app.css HTTP/1.1" 200 17555
[14/Jan/2022 20:39:12] WARNING [django.request:224] Not Found: /application/requestProvider.js.map
[14/Jan/2022 20:39:12] WARNING [django.request:224] Not Found: /application/requestProvider.js.map
[14/Jan/2022 20:39:12] WARNING [django.server:157] "GET /application/requestProvider.js.map HTTP/1.1" 404 7634
[14/Jan/2022 20:39:12] WARNING [django.server:157] "GET /application/requestProvider.js.map HTTP/1.1" 404 7634
[14/Jan/2022 20:39:13] INFO [django.server:157] "GET /static/application/images/BackArrow-darkblue.svg HTTP/1.1" 200 801
[14/Jan/2022 20:39:13] INFO [django.server:157] "GET /static/application/images/BackArrow-darkblue.svg HTTP/1.1" 200 801
[14/Jan/2022 20:39:13] INFO [django.server:157] "GET /static/application/images/BackArrow-white.svg HTTP/1.1" 200 798
[14/Jan/2022 20:39:13] INFO [django.server:157] "GET /static/application/images/BackArrow-white.svg HTTP/1.1" 200 798
[14/Jan/2022 20:39:13] WARNING [django.request:224] Not Found: /favicon.ico
[14/Jan/2022 20:39:13] WARNING [django.request:224] Not Found: /favicon.ico
[14/Jan/2022 20:39:13] WARNING [django.server:157] "GET /favicon.ico HTTP/1.1" 404 2878
[14/Jan/2022 20:39:13] WARNING [django.server:157] "GET /favicon.ico HTTP/1.1" 404 2878
[14/Jan/2022 20:39:37] WARNING [django.request:224] Not Found: /application/requestProvider.js.map
[14/Jan/2022 20:39:37] WARNING [django.request:224] Not Found: /application/requestProvider.js.map
[14/Jan/2022 20:39:37] WARNING [django.server:157] "GET /application/requestProvider.js.map HTTP/1.1" 404 7634
[14/Jan/2022 20:39:37] WARNING [django.server:157] "GET /application/requestProvider.js.map HTTP/1.1" 404 7634
[14/Jan/2022 20:40:10] INFO [django.server:157] "GET /application/address HTTP/1.1" 200 8333
[14/Jan/2022 20:40:10] INFO [django.server:157] "GET /application/address HTTP/1.1" 200 8333
[14/Jan/2022 20:40:10] INFO [django.server:157] "GET /static/application/styles_app.css HTTP/1.1" 200 17555
[14/Jan/2022 20:40:10] INFO [django.server:157] "GET /static/application/styles_app.css HTTP/1.1" 200 17555
[14/Jan/2022 20:40:10] WARNING [django.request:224] Not Found: /application/requestProvider.js.map
[14/Jan/2022 20:40:10] WARNING [django.request:224] Not Found: /application/requestProvider.js.map
[14/Jan/2022 20:40:10] WARNING [django.server:157] "GET /application/requestProvider.js.map HTTP/1.1" 404 7634
[14/Jan/2022 20:40:10] WARNING [django.server:157] "GET /application/requestProvider.js.map HTTP/1.1" 404 7634
[14/Jan/2022 20:40:10] INFO [django.server:157] "GET /static/application/images/BackArrow-white.svg HTTP/1.1" 200 798
[14/Jan/2022 20:40:10] INFO [django.server:157] "GET /static/application/images/BackArrow-white.svg HTTP/1.1" 200 798
[14/Jan/2022 20:40:10] INFO [django.server:157] "GET /static/application/images/BackArrow-darkblue.svg HTTP/1.1" 200 801
[14/Jan/2022 20:40:10] INFO [django.server:157] "GET /static/application/images/BackArrow-darkblue.svg HTTP/1.1" 200 801
[14/Jan/2022 20:40:10] WARNING [django.request:224] Not Found: /favicon.ico
[14/Jan/2022 20:40:10] WARNING [django.request:224] Not Found: /favicon.ico
[14/Jan/2022 20:40:10] WARNING [django.server:157] "GET /favicon.ico HTTP/1.1" 404 2878
[14/Jan/2022 20:40:10] WARNING [django.server:157] "GET /favicon.ico HTTP/1.1" 404 2878
[14/Jan/2022 20:41:33] INFO [django.server:157] "GET /application/address HTTP/1.1" 200 8240
[14/Jan/2022 20:41:33] INFO [django.server:157] "GET /application/address HTTP/1.1" 200 8240
[14/Jan/2022 20:41:33] INFO [django.server:157] "GET /static/application/styles_app.css HTTP/1.1" 200 17555
[14/Jan/2022 20:41:33] INFO [django.server:157] "GET /static/application/styles_app.css HTTP/1.1" 200 17555
[14/Jan/2022 20:41:34] WARNING [django.request:224] Not Found: /application/requestProvider.js.map
[14/Jan/2022 20:41:34] WARNING [django.request:224] Not Found: /application/requestProvider.js.map
[14/Jan/2022 20:41:34] WARNING [django.server:157] "GET /application/requestProvider.js.map HTTP/1.1" 404 7634
[14/Jan/2022 20:41:34] WARNING [django.server:157] "GET /application/requestProvider.js.map HTTP/1.1" 404 7634
[14/Jan/2022 20:41:34] INFO [django.server:157] "GET /static/application/images/BackArrow-white.svg HTTP/1.1" 200 798
[14/Jan/2022 20:41:34] INFO [django.server:157] "GET /static/application/images/BackArrow-white.svg HTTP/1.1" 200 798
[14/Jan/2022 20:41:34] INFO [django.server:157] "GET /static/application/images/BackArrow-darkblue.svg HTTP/1.1" 200 801
[14/Jan/2022 20:41:34] INFO [django.server:157] "GET /static/application/images/BackArrow-darkblue.svg HTTP/1.1" 200 801
[14/Jan/2022 20:41:34] WARNING [django.request:224] Not Found: /favicon.ico
[14/Jan/2022 20:41:34] WARNING [django.request:224] Not Found: /favicon.ico
[14/Jan/2022 20:41:34] WARNING [django.server:157] "GET /favicon.ico HTTP/1.1" 404 2878
[14/Jan/2022 20:41:34] WARNING [django.server:157] "GET /favicon.ico HTTP/1.1" 404 2878
[14/Jan/2022 20:43:10] INFO [django.server:157] "GET /application/address HTTP/1.1" 200 8235
[14/Jan/2022 20:43:10] INFO [django.server:157] "GET /application/address HTTP/1.1" 200 8235
[14/Jan/2022 20:43:10] INFO [django.server:157] "GET /static/application/styles_app.css HTTP/1.1" 200 17555
[14/Jan/2022 20:43:10] INFO [django.server:157] "GET /static/application/styles_app.css HTTP/1.1" 200 17555
[14/Jan/2022 20:43:11] WARNING [django.request:224] Not Found: /application/requestProvider.js.map
[14/Jan/2022 20:43:11] WARNING [django.request:224] Not Found: /application/requestProvider.js.map
[14/Jan/2022 20:43:11] WARNING [django.server:157] "GET /application/requestProvider.js.map HTTP/1.1" 404 7634
[14/Jan/2022 20:43:11] WARNING [django.server:157] "GET /application/requestProvider.js.map HTTP/1.1" 404 7634
[14/Jan/2022 20:43:11] INFO [django.server:157] "GET /static/application/images/BackArrow-darkblue.svg HTTP/1.1" 200 801
[14/Jan/2022 20:43:11] INFO [django.server:157] "GET /static/application/images/BackArrow-white.svg HTTP/1.1" 200 798
[14/Jan/2022 20:43:11] INFO [django.server:157] "GET /static/application/images/BackArrow-darkblue.svg HTTP/1.1" 200 801
[14/Jan/2022 20:43:11] INFO [django.server:157] "GET /static/application/images/BackArrow-white.svg HTTP/1.1" 200 798
[14/Jan/2022 20:43:11] WARNING [django.request:224] Not Found: /favicon.ico
[14/Jan/2022 20:43:11] WARNING [django.request:224] Not Found: /favicon.ico
[14/Jan/2022 20:43:11] WARNING [django.server:157] "GET /favicon.ico HTTP/1.1" 404 2878
[14/Jan/2022 20:43:11] WARNING [django.server:157] "GET /favicon.ico HTTP/1.1" 404 2878
[14/Jan/2022 20:43:31] INFO [django.server:157] "POST /application/address HTTP/1.1" 200 8689
[14/Jan/2022 20:43:31] INFO [django.server:157] "POST /application/address HTTP/1.1" 200 8689
[14/Jan/2022 20:43:32] WARNING [django.request:224] Not Found: /application/requestProvider.js.map
[14/Jan/2022 20:43:32] WARNING [django.request:224] Not Found: /application/requestProvider.js.map
[14/Jan/2022 20:43:32] WARNING [django.server:157] "GET /application/requestProvider.js.map HTTP/1.1" 404 7634
[14/Jan/2022 20:43:32] WARNING [django.server:157] "GET /application/requestProvider.js.map HTTP/1.1" 404 7634
[14/Jan/2022 20:43:38] INFO [django.server:157] "POST /application/address HTTP/1.1" 200 8689
[14/Jan/2022 20:43:38] INFO [django.server:157] "POST /application/address HTTP/1.1" 200 8689
[14/Jan/2022 20:43:38] INFO [django.server:157] "GET /static/application/styles_app.css HTTP/1.1" 200 17555
[14/Jan/2022 20:43:38] INFO [django.server:157] "GET /static/application/styles_app.css HTTP/1.1" 200 17555
[14/Jan/2022 20:43:38] WARNING [django.request:224] Not Found: /application/requestProvider.js.map
[14/Jan/2022 20:43:38] WARNING [django.request:224] Not Found: /application/requestProvider.js.map
[14/Jan/2022 20:43:38] WARNING [django.server:157] "GET /application/requestProvider.js.map HTTP/1.1" 404 7634
[14/Jan/2022 20:43:38] WARNING [django.server:157] "GET /application/requestProvider.js.map HTTP/1.1" 404 7634
[14/Jan/2022 20:43:39] INFO [django.server:157] "GET /static/application/images/BackArrow-darkblue.svg HTTP/1.1" 200 801
[14/Jan/2022 20:43:39] INFO [django.server:157] "GET /static/application/images/BackArrow-darkblue.svg HTTP/1.1" 200 801
[14/Jan/2022 20:43:39] INFO [django.server:157] "GET /static/application/images/BackArrow-white.svg HTTP/1.1" 200 798
[14/Jan/2022 20:43:39] INFO [django.server:157] "GET /static/application/images/BackArrow-white.svg HTTP/1.1" 200 798
[14/Jan/2022 20:43:39] WARNING [django.request:224] Not Found: /favicon.ico
[14/Jan/2022 20:43:39] WARNING [django.request:224] Not Found: /favicon.ico
[14/Jan/2022 20:43:39] WARNING [django.server:157] "GET /favicon.ico HTTP/1.1" 404 2878
[14/Jan/2022 20:43:39] WARNING [django.server:157] "GET /favicon.ico HTTP/1.1" 404 2878
[14/Jan/2022 20:44:49] INFO [django.server:157] "POST /application/address HTTP/1.1" 200 8453
[14/Jan/2022 20:44:49] INFO [django.server:157] "POST /application/address HTTP/1.1" 200 8453
[14/Jan/2022 20:44:49] WARNING [django.request:224] Not Found: /application/requestProvider.js.map
[14/Jan/2022 20:44:49] WARNING [django.request:224] Not Found: /application/requestProvider.js.map
[14/Jan/2022 20:44:49] WARNING [django.server:157] "GET /application/requestProvider.js.map HTTP/1.1" 404 7634
[14/Jan/2022 20:44:49] WARNING [django.server:157] "GET /application/requestProvider.js.map HTTP/1.1" 404 7634
[14/Jan/2022 20:44:55] INFO [django.server:157] "POST /application/address HTTP/1.1" 200 8453
[14/Jan/2022 20:44:55] INFO [django.server:157] "POST /application/address HTTP/1.1" 200 8453
[14/Jan/2022 20:44:55] WARNING [django.request:224] Not Found: /application/requestProvider.js.map
[14/Jan/2022 20:44:55] WARNING [django.request:224] Not Found: /application/requestProvider.js.map
[14/Jan/2022 20:44:55] WARNING [django.server:157] "GET /application/requestProvider.js.map HTTP/1.1" 404 7634
[14/Jan/2022 20:44:55] WARNING [django.server:157] "GET /application/requestProvider.js.map HTTP/1.1" 404 7634
[14/Jan/2022 20:45:23] INFO [django.server:157] "POST /application/address HTTP/1.1" 200 8453
[14/Jan/2022 20:45:23] INFO [django.server:157] "POST /application/address HTTP/1.1" 200 8453
[14/Jan/2022 20:45:23] INFO [django.server:157] "GET /static/application/styles_app.css HTTP/1.1" 200 17555
[14/Jan/2022 20:45:23] INFO [django.server:157] "GET /static/application/styles_app.css HTTP/1.1" 200 17555
[14/Jan/2022 20:45:24] WARNING [django.request:224] Not Found: /application/requestProvider.js.map
[14/Jan/2022 20:45:24] WARNING [django.request:224] Not Found: /application/requestProvider.js.map
[14/Jan/2022 20:45:24] WARNING [django.server:157] "GET /application/requestProvider.js.map HTTP/1.1" 404 7634
[14/Jan/2022 20:45:24] WARNING [django.server:157] "GET /application/requestProvider.js.map HTTP/1.1" 404 7634
[14/Jan/2022 20:45:24] INFO [django.server:157] "GET /static/application/images/BackArrow-white.svg HTTP/1.1" 200 798
[14/Jan/2022 20:45:24] INFO [django.server:157] "GET /static/application/images/BackArrow-white.svg HTTP/1.1" 200 798
[14/Jan/2022 20:45:24] INFO [django.server:157] "GET /static/application/images/BackArrow-darkblue.svg HTTP/1.1" 200 801
[14/Jan/2022 20:45:24] INFO [django.server:157] "GET /static/application/images/BackArrow-darkblue.svg HTTP/1.1" 200 801
[14/Jan/2022 20:45:24] WARNING [django.request:224] Not Found: /favicon.ico
[14/Jan/2022 20:45:24] WARNING [django.request:224] Not Found: /favicon.ico
[14/Jan/2022 20:45:24] WARNING [django.server:157] "GET /favicon.ico HTTP/1.1" 404 2878
[14/Jan/2022 20:45:24] WARNING [django.server:157] "GET /favicon.ico HTTP/1.1" 404 2878
[14/Jan/2022 20:45:39] INFO [django.server:157] "POST /application/address HTTP/1.1" 200 8453
[14/Jan/2022 20:45:39] INFO [django.server:157] "POST /application/address HTTP/1.1" 200 8453
[14/Jan/2022 20:45:39] INFO [django.server:157] "GET /static/application/styles_app.css HTTP/1.1" 200 17555
[14/Jan/2022 20:45:39] INFO [django.server:157] "GET /static/application/styles_app.css HTTP/1.1" 200 17555
[14/Jan/2022 20:45:39] WARNING [django.request:224] Not Found: /application/requestProvider.js.map
[14/Jan/2022 20:45:39] WARNING [django.request:224] Not Found: /application/requestProvider.js.map
[14/Jan/2022 20:45:39] WARNING [django.server:157] "GET /application/requestProvider.js.map HTTP/1.1" 404 7634
[14/Jan/2022 20:45:39] WARNING [django.server:157] "GET /application/requestProvider.js.map HTTP/1.1" 404 7634
[14/Jan/2022 20:45:39] INFO [django.server:157] "GET /static/application/images/BackArrow-white.svg HTTP/1.1" 200 798
[14/Jan/2022 20:45:39] INFO [django.server:157] "GET /static/application/images/BackArrow-white.svg HTTP/1.1" 200 798
[14/Jan/2022 20:45:39] INFO [django.server:157] "GET /static/application/images/BackArrow-darkblue.svg HTTP/1.1" 200 801
[14/Jan/2022 20:45:39] INFO [django.server:157] "GET /static/application/images/BackArrow-darkblue.svg HTTP/1.1" 200 801
[14/Jan/2022 20:45:39] WARNING [django.request:224] Not Found: /favicon.ico
[14/Jan/2022 20:45:39] WARNING [django.request:224] Not Found: /favicon.ico
[14/Jan/2022 20:45:39] WARNING [django.server:157] "GET /favicon.ico HTTP/1.1" 404 2878
[14/Jan/2022 20:45:39] WARNING [django.server:157] "GET /favicon.ico HTTP/1.1" 404 2878
[14/Jan/2022 20:45:51] INFO [django.server:157] "POST /application/address HTTP/1.1" 200 8453
[14/Jan/2022 20:45:51] INFO [django.server:157] "POST /application/address HTTP/1.1" 200 8453
[14/Jan/2022 20:45:52] INFO [django.server:157] "GET /static/application/styles_app.css HTTP/1.1" 200 17555
[14/Jan/2022 20:45:52] INFO [django.server:157] "GET /static/application/styles_app.css HTTP/1.1" 200 17555
[14/Jan/2022 20:45:52] INFO [django.server:157] "GET /static/application/images/BackArrow-darkblue.svg HTTP/1.1" 200 801
[14/Jan/2022 20:45:52] INFO [django.server:157] "GET /static/application/images/BackArrow-darkblue.svg HTTP/1.1" 200 801
[14/Jan/2022 20:45:52] INFO [django.server:157] "GET /static/application/images/BackArrow-white.svg HTTP/1.1" 200 798
[14/Jan/2022 20:45:52] INFO [django.server:157] "GET /static/application/images/BackArrow-white.svg HTTP/1.1" 200 798
[14/Jan/2022 20:45:52] WARNING [django.request:224] Not Found: /favicon.ico
[14/Jan/2022 20:45:52] WARNING [django.request:224] Not Found: /favicon.ico
[14/Jan/2022 20:45:52] WARNING [django.server:157] "GET /favicon.ico HTTP/1.1" 404 2878
[14/Jan/2022 20:45:52] WARNING [django.server:157] "GET /favicon.ico HTTP/1.1" 404 2878
